#
# There is insufficient memory for the Java Runtime Environment to continue.
# Native memory allocation (malloc) failed to allocate 32744 bytes for ChunkPool::allocate
# Possible reasons:
#   The system is out of physical RAM or swap space
#   The process is running with CompressedOops enabled, and the Java Heap may be blocking the growth of the native heap
# Possible solutions:
#   Reduce memory load on the system
#   Increase physical memory or swap space
#   Check if swap backing store is full
#   Decrease Java heap size (-Xmx/-Xms)
#   Decrease number of Java threads
#   Decrease Java thread stack sizes (-Xss)
#   Set larger code cache with -XX:ReservedCodeCacheSize=
#   JVM is running with Unscaled Compressed Oops mode in which the Java heap is
#     placed in the first 4GB address space. The Java Heap base address is the
#     maximum limit for the native heap growth. Please use -XX:HeapBaseMinAddress
#     to set the Java Heap base and to place the Java Heap above 4GB virtual address.
# This output file may be truncated or incomplete.
#
#  Out of Memory Error (./src/hotspot/share/memory/arena.cpp:81), pid=1732, tid=11216
#
# JRE version: OpenJDK Runtime Environment JBR-11.0.8.10-944.31-jcef (11.0.8+10) (build 11.0.8+10-b944.31)
# Java VM: OpenJDK 64-Bit Server VM JBR-11.0.8.10-944.31-jcef (11.0.8+10-b944.31, mixed mode, tiered, compressed oops, g1 gc, windows-amd64)
# No core dump will be written. Minidumps are not enabled by default on client versions of Windows
#

---------------  S U M M A R Y ------------

Command Line: org.jetbrains.git4idea.http.GitAskPassApp Password for 'https://avetluginaa@github.com': 

Host: AMD Ryzen 5 3500U with Radeon Vega Mobile Gfx  , 8 cores, 5G,  Windows 10 , 64 bit Build 19041 (10.0.19041.546)
Time: Mon Dec 14 20:56:34 2020 RTZ 4 (зима) elapsed time: 0 seconds (0d 0h 0m 0s)

---------------  T H R E A D  ---------------

Current thread (0x0000017650b00000):  JavaThread "C1 CompilerThread0" daemon [_thread_in_native, id=11216, stack(0x0000001295d00000,0x0000001295e00000)]


Current CompileTask:
C1:    476  171       3       java.io.DataInputStream::readUTF (501 bytes)

Stack: [0x0000001295d00000,0x0000001295e00000]
Native frames: (J=compiled Java code, j=interpreted, Vv=VM code, C=native code)
V  [jvm.dll+0x5de35a]
V  [jvm.dll+0x712355]
V  [jvm.dll+0x7138ad]
V  [jvm.dll+0x713f63]
V  [jvm.dll+0x23e628]
V  [jvm.dll+0xb8e1b]
V  [jvm.dll+0xb90cc]
V  [jvm.dll+0x5cc259]
V  [jvm.dll+0x23f317]
V  [jvm.dll+0x13550e]
V  [jvm.dll+0x13b1f7]
V  [jvm.dll+0x11dd4a]
V  [jvm.dll+0x13c212]
V  [jvm.dll+0x11f32e]
V  [jvm.dll+0x11f035]
V  [jvm.dll+0x11f153]
V  [jvm.dll+0x11e467]
V  [jvm.dll+0x120037]
V  [jvm.dll+0x204ee7]
V  [jvm.dll+0x203731]
V  [jvm.dll+0x6dab8f]
V  [jvm.dll+0x6d36e5]
V  [jvm.dll+0x5dd306]
C  [ucrtbase.dll+0x214c2]
C  [KERNEL32.DLL+0x17034]
C  [ntdll.dll+0x4cec1]


---------------  P R O C E S S  ---------------

Threads class SMR info:
_java_thread_list=0x00000176515d2410, length=10, elements={
0x0000017635d1e800, 0x0000017650ad3000, 0x0000017650adc000, 0x0000017650aef000,
0x0000017650af0800, 0x0000017650af2000, 0x0000017650b00000, 0x0000017650b01000,
0x00000176515c5000, 0x00000176515d1800
}

Java Threads: ( => current thread )
  0x0000017635d1e800 JavaThread "main" [_thread_in_Java, id=6724, stack(0x0000001295100000,0x0000001295200000)]
  0x0000017650ad3000 JavaThread "Reference Handler" daemon [_thread_blocked, id=6064, stack(0x0000001295800000,0x0000001295900000)]
  0x0000017650adc000 JavaThread "Finalizer" daemon [_thread_blocked, id=12956, stack(0x0000001295900000,0x0000001295a00000)]
  0x0000017650aef000 JavaThread "Signal Dispatcher" daemon [_thread_blocked, id=13108, stack(0x0000001295a00000,0x0000001295b00000)]
  0x0000017650af0800 JavaThread "Attach Listener" daemon [_thread_blocked, id=1596, stack(0x0000001295b00000,0x0000001295c00000)]
  0x0000017650af2000 JavaThread "C2 CompilerThread0" daemon [_thread_blocked, id=10560, stack(0x0000001295c00000,0x0000001295d00000)]
=>0x0000017650b00000 JavaThread "C1 CompilerThread0" daemon [_thread_in_native, id=11216, stack(0x0000001295d00000,0x0000001295e00000)]
  0x0000017650b01000 JavaThread "Sweeper thread" daemon [_thread_blocked, id=11432, stack(0x0000001295e00000,0x0000001295f00000)]
  0x00000176515c5000 JavaThread "Service Thread" daemon [_thread_blocked, id=4528, stack(0x0000001295f00000,0x0000001296000000)]
  0x00000176515d1800 JavaThread "Common-Cleaner" daemon [_thread_blocked, id=13088, stack(0x0000001296100000,0x0000001296200000)]

Other Threads:
  0x0000017650ab0800 VMThread "VM Thread" [stack: 0x0000001295700000,0x0000001295800000] [id=8172]
  0x00000176515c6000 WatcherThread [stack: 0x0000001296000000,0x0000001296100000] [id=9024]
  0x0000017635d35000 GCTaskThread "GC Thread#0" [stack: 0x0000001295200000,0x0000001295300000] [id=10316]
  0x0000017635d5a800 ConcurrentGCThread "G1 Main Marker" [stack: 0x0000001295300000,0x0000001295400000] [id=6892]
  0x0000017635d5d000 ConcurrentGCThread "G1 Conc#0" [stack: 0x0000001295400000,0x0000001295500000] [id=11092]
  0x0000017635de3000 ConcurrentGCThread "G1 Refine#0" [stack: 0x0000001295500000,0x0000001295600000] [id=10268]
  0x0000017635de4000 ConcurrentGCThread "G1 Young RemSet Sampling" [stack: 0x0000001295600000,0x0000001295700000] [id=9924]

Threads with active compile tasks:
C1 CompilerThread0    512  171       3       java.io.DataInputStream::readUTF (501 bytes)

VM state:not at safepoint (normal execution)

VM Mutex/Monitor currently owned by a thread: None

Heap address: 0x00000000a0e00000, size: 1522 MB, Compressed Oops mode: 32-bit
Narrow klass base: 0x0000000000000000, Narrow klass shift: 3
Compressed class space size: 1073741824 Address: 0x0000000100000000

Heap:
 garbage-first heap   total 98304K, used 4096K [0x00000000a0e00000, 0x0000000100000000)
  region size 1024K, 5 young (5120K), 0 survivors (0K)
 Metaspace       used 6642K, capacity 6754K, committed 6784K, reserved 1060864K
  class space    used 600K, capacity 630K, committed 640K, reserved 1048576K
Heap Regions: E=young(eden), S=young(survivor), O=old, HS=humongous(starts), HC=humongous(continues), CS=collection set, F=free, A=archive, TAMS=top-at-mark-start (previous, next)
|   0|0x00000000a0e00000, 0x00000000a0e00000, 0x00000000a0f00000|  0%| F|  |TAMS 0x00000000a0e00000, 0x00000000a0e00000| Untracked 
|   1|0x00000000a0f00000, 0x00000000a0f00000, 0x00000000a1000000|  0%| F|  |TAMS 0x00000000a0f00000, 0x00000000a0f00000| Untracked 
|   2|0x00000000a1000000, 0x00000000a1000000, 0x00000000a1100000|  0%| F|  |TAMS 0x00000000a1000000, 0x00000000a1000000| Untracked 
|   3|0x00000000a1100000, 0x00000000a1100000, 0x00000000a1200000|  0%| F|  |TAMS 0x00000000a1100000, 0x00000000a1100000| Untracked 
|   4|0x00000000a1200000, 0x00000000a1200000, 0x00000000a1300000|  0%| F|  |TAMS 0x00000000a1200000, 0x00000000a1200000| Untracked 
|   5|0x00000000a1300000, 0x00000000a1300000, 0x00000000a1400000|  0%| F|  |TAMS 0x00000000a1300000, 0x00000000a1300000| Untracked 
|   6|0x00000000a1400000, 0x00000000a1400000, 0x00000000a1500000|  0%| F|  |TAMS 0x00000000a1400000, 0x00000000a1400000| Untracked 
|   7|0x00000000a1500000, 0x00000000a1500000, 0x00000000a1600000|  0%| F|  |TAMS 0x00000000a1500000, 0x00000000a1500000| Untracked 
|   8|0x00000000a1600000, 0x00000000a1600000, 0x00000000a1700000|  0%| F|  |TAMS 0x00000000a1600000, 0x00000000a1600000| Untracked 
|   9|0x00000000a1700000, 0x00000000a1700000, 0x00000000a1800000|  0%| F|  |TAMS 0x00000000a1700000, 0x00000000a1700000| Untracked 
|  10|0x00000000a1800000, 0x00000000a1800000, 0x00000000a1900000|  0%| F|  |TAMS 0x00000000a1800000, 0x00000000a1800000| Untracked 
|  11|0x00000000a1900000, 0x00000000a1900000, 0x00000000a1a00000|  0%| F|  |TAMS 0x00000000a1900000, 0x00000000a1900000| Untracked 
|  12|0x00000000a1a00000, 0x00000000a1a00000, 0x00000000a1b00000|  0%| F|  |TAMS 0x00000000a1a00000, 0x00000000a1a00000| Untracked 
|  13|0x00000000a1b00000, 0x00000000a1b00000, 0x00000000a1c00000|  0%| F|  |TAMS 0x00000000a1b00000, 0x00000000a1b00000| Untracked 
|  14|0x00000000a1c00000, 0x00000000a1c00000, 0x00000000a1d00000|  0%| F|  |TAMS 0x00000000a1c00000, 0x00000000a1c00000| Untracked 
|  15|0x00000000a1d00000, 0x00000000a1d00000, 0x00000000a1e00000|  0%| F|  |TAMS 0x00000000a1d00000, 0x00000000a1d00000| Untracked 
|  16|0x00000000a1e00000, 0x00000000a1e00000, 0x00000000a1f00000|  0%| F|  |TAMS 0x00000000a1e00000, 0x00000000a1e00000| Untracked 
|  17|0x00000000a1f00000, 0x00000000a1f00000, 0x00000000a2000000|  0%| F|  |TAMS 0x00000000a1f00000, 0x00000000a1f00000| Untracked 
|  18|0x00000000a2000000, 0x00000000a2000000, 0x00000000a2100000|  0%| F|  |TAMS 0x00000000a2000000, 0x00000000a2000000| Untracked 
|  19|0x00000000a2100000, 0x00000000a2100000, 0x00000000a2200000|  0%| F|  |TAMS 0x00000000a2100000, 0x00000000a2100000| Untracked 
|  20|0x00000000a2200000, 0x00000000a2200000, 0x00000000a2300000|  0%| F|  |TAMS 0x00000000a2200000, 0x00000000a2200000| Untracked 
|  21|0x00000000a2300000, 0x00000000a2300000, 0x00000000a2400000|  0%| F|  |TAMS 0x00000000a2300000, 0x00000000a2300000| Untracked 
|  22|0x00000000a2400000, 0x00000000a2400000, 0x00000000a2500000|  0%| F|  |TAMS 0x00000000a2400000, 0x00000000a2400000| Untracked 
|  23|0x00000000a2500000, 0x00000000a2500000, 0x00000000a2600000|  0%| F|  |TAMS 0x00000000a2500000, 0x00000000a2500000| Untracked 
|  24|0x00000000a2600000, 0x00000000a2600000, 0x00000000a2700000|  0%| F|  |TAMS 0x00000000a2600000, 0x00000000a2600000| Untracked 
|  25|0x00000000a2700000, 0x00000000a2700000, 0x00000000a2800000|  0%| F|  |TAMS 0x00000000a2700000, 0x00000000a2700000| Untracked 
|  26|0x00000000a2800000, 0x00000000a2800000, 0x00000000a2900000|  0%| F|  |TAMS 0x00000000a2800000, 0x00000000a2800000| Untracked 
|  27|0x00000000a2900000, 0x00000000a2900000, 0x00000000a2a00000|  0%| F|  |TAMS 0x00000000a2900000, 0x00000000a2900000| Untracked 
|  28|0x00000000a2a00000, 0x00000000a2a00000, 0x00000000a2b00000|  0%| F|  |TAMS 0x00000000a2a00000, 0x00000000a2a00000| Untracked 
|  29|0x00000000a2b00000, 0x00000000a2b00000, 0x00000000a2c00000|  0%| F|  |TAMS 0x00000000a2b00000, 0x00000000a2b00000| Untracked 
|  30|0x00000000a2c00000, 0x00000000a2c00000, 0x00000000a2d00000|  0%| F|  |TAMS 0x00000000a2c00000, 0x00000000a2c00000| Untracked 
|  31|0x00000000a2d00000, 0x00000000a2d00000, 0x00000000a2e00000|  0%| F|  |TAMS 0x00000000a2d00000, 0x00000000a2d00000| Untracked 
|  32|0x00000000a2e00000, 0x00000000a2e00000, 0x00000000a2f00000|  0%| F|  |TAMS 0x00000000a2e00000, 0x00000000a2e00000| Untracked 
|  33|0x00000000a2f00000, 0x00000000a2f00000, 0x00000000a3000000|  0%| F|  |TAMS 0x00000000a2f00000, 0x00000000a2f00000| Untracked 
|  34|0x00000000a3000000, 0x00000000a3000000, 0x00000000a3100000|  0%| F|  |TAMS 0x00000000a3000000, 0x00000000a3000000| Untracked 
|  35|0x00000000a3100000, 0x00000000a3100000, 0x00000000a3200000|  0%| F|  |TAMS 0x00000000a3100000, 0x00000000a3100000| Untracked 
|  36|0x00000000a3200000, 0x00000000a3200000, 0x00000000a3300000|  0%| F|  |TAMS 0x00000000a3200000, 0x00000000a3200000| Untracked 
|  37|0x00000000a3300000, 0x00000000a3300000, 0x00000000a3400000|  0%| F|  |TAMS 0x00000000a3300000, 0x00000000a3300000| Untracked 
|  38|0x00000000a3400000, 0x00000000a3400000, 0x00000000a3500000|  0%| F|  |TAMS 0x00000000a3400000, 0x00000000a3400000| Untracked 
|  39|0x00000000a3500000, 0x00000000a3500000, 0x00000000a3600000|  0%| F|  |TAMS 0x00000000a3500000, 0x00000000a3500000| Untracked 
|  40|0x00000000a3600000, 0x00000000a3600000, 0x00000000a3700000|  0%| F|  |TAMS 0x00000000a3600000, 0x00000000a3600000| Untracked 
|  41|0x00000000a3700000, 0x00000000a3700000, 0x00000000a3800000|  0%| F|  |TAMS 0x00000000a3700000, 0x00000000a3700000| Untracked 
|  42|0x00000000a3800000, 0x00000000a3800000, 0x00000000a3900000|  0%| F|  |TAMS 0x00000000a3800000, 0x00000000a3800000| Untracked 
|  43|0x00000000a3900000, 0x00000000a3900000, 0x00000000a3a00000|  0%| F|  |TAMS 0x00000000a3900000, 0x00000000a3900000| Untracked 
|  44|0x00000000a3a00000, 0x00000000a3a00000, 0x00000000a3b00000|  0%| F|  |TAMS 0x00000000a3a00000, 0x00000000a3a00000| Untracked 
|  45|0x00000000a3b00000, 0x00000000a3b00000, 0x00000000a3c00000|  0%| F|  |TAMS 0x00000000a3b00000, 0x00000000a3b00000| Untracked 
|  46|0x00000000a3c00000, 0x00000000a3c00000, 0x00000000a3d00000|  0%| F|  |TAMS 0x00000000a3c00000, 0x00000000a3c00000| Untracked 
|  47|0x00000000a3d00000, 0x00000000a3d00000, 0x00000000a3e00000|  0%| F|  |TAMS 0x00000000a3d00000, 0x00000000a3d00000| Untracked 
|  48|0x00000000a3e00000, 0x00000000a3e00000, 0x00000000a3f00000|  0%| F|  |TAMS 0x00000000a3e00000, 0x00000000a3e00000| Untracked 
|  49|0x00000000a3f00000, 0x00000000a3f00000, 0x00000000a4000000|  0%| F|  |TAMS 0x00000000a3f00000, 0x00000000a3f00000| Untracked 
|  50|0x00000000a4000000, 0x00000000a4000000, 0x00000000a4100000|  0%| F|  |TAMS 0x00000000a4000000, 0x00000000a4000000| Untracked 
|  51|0x00000000a4100000, 0x00000000a4100000, 0x00000000a4200000|  0%| F|  |TAMS 0x00000000a4100000, 0x00000000a4100000| Untracked 
|  52|0x00000000a4200000, 0x00000000a4200000, 0x00000000a4300000|  0%| F|  |TAMS 0x00000000a4200000, 0x00000000a4200000| Untracked 
|  53|0x00000000a4300000, 0x00000000a4300000, 0x00000000a4400000|  0%| F|  |TAMS 0x00000000a4300000, 0x00000000a4300000| Untracked 
|  54|0x00000000a4400000, 0x00000000a4400000, 0x00000000a4500000|  0%| F|  |TAMS 0x00000000a4400000, 0x00000000a4400000| Untracked 
|  55|0x00000000a4500000, 0x00000000a4500000, 0x00000000a4600000|  0%| F|  |TAMS 0x00000000a4500000, 0x00000000a4500000| Untracked 
|  56|0x00000000a4600000, 0x00000000a4600000, 0x00000000a4700000|  0%| F|  |TAMS 0x00000000a4600000, 0x00000000a4600000| Untracked 
|  57|0x00000000a4700000, 0x00000000a4700000, 0x00000000a4800000|  0%| F|  |TAMS 0x00000000a4700000, 0x00000000a4700000| Untracked 
|  58|0x00000000a4800000, 0x00000000a4800000, 0x00000000a4900000|  0%| F|  |TAMS 0x00000000a4800000, 0x00000000a4800000| Untracked 
|  59|0x00000000a4900000, 0x00000000a4900000, 0x00000000a4a00000|  0%| F|  |TAMS 0x00000000a4900000, 0x00000000a4900000| Untracked 
|  60|0x00000000a4a00000, 0x00000000a4a00000, 0x00000000a4b00000|  0%| F|  |TAMS 0x00000000a4a00000, 0x00000000a4a00000| Untracked 
|  61|0x00000000a4b00000, 0x00000000a4b00000, 0x00000000a4c00000|  0%| F|  |TAMS 0x00000000a4b00000, 0x00000000a4b00000| Untracked 
|  62|0x00000000a4c00000, 0x00000000a4c00000, 0x00000000a4d00000|  0%| F|  |TAMS 0x00000000a4c00000, 0x00000000a4c00000| Untracked 
|  63|0x00000000a4d00000, 0x00000000a4d00000, 0x00000000a4e00000|  0%| F|  |TAMS 0x00000000a4d00000, 0x00000000a4d00000| Untracked 
|  64|0x00000000a4e00000, 0x00000000a4e00000, 0x00000000a4f00000|  0%| F|  |TAMS 0x00000000a4e00000, 0x00000000a4e00000| Untracked 
|  65|0x00000000a4f00000, 0x00000000a4f00000, 0x00000000a5000000|  0%| F|  |TAMS 0x00000000a4f00000, 0x00000000a4f00000| Untracked 
|  66|0x00000000a5000000, 0x00000000a5000000, 0x00000000a5100000|  0%| F|  |TAMS 0x00000000a5000000, 0x00000000a5000000| Untracked 
|  67|0x00000000a5100000, 0x00000000a5100000, 0x00000000a5200000|  0%| F|  |TAMS 0x00000000a5100000, 0x00000000a5100000| Untracked 
|  68|0x00000000a5200000, 0x00000000a5200000, 0x00000000a5300000|  0%| F|  |TAMS 0x00000000a5200000, 0x00000000a5200000| Untracked 
|  69|0x00000000a5300000, 0x00000000a5300000, 0x00000000a5400000|  0%| F|  |TAMS 0x00000000a5300000, 0x00000000a5300000| Untracked 
|  70|0x00000000a5400000, 0x00000000a5400000, 0x00000000a5500000|  0%| F|  |TAMS 0x00000000a5400000, 0x00000000a5400000| Untracked 
|  71|0x00000000a5500000, 0x00000000a5500000, 0x00000000a5600000|  0%| F|  |TAMS 0x00000000a5500000, 0x00000000a5500000| Untracked 
|  72|0x00000000a5600000, 0x00000000a5600000, 0x00000000a5700000|  0%| F|  |TAMS 0x00000000a5600000, 0x00000000a5600000| Untracked 
|  73|0x00000000a5700000, 0x00000000a5700000, 0x00000000a5800000|  0%| F|  |TAMS 0x00000000a5700000, 0x00000000a5700000| Untracked 
|  74|0x00000000a5800000, 0x00000000a5800000, 0x00000000a5900000|  0%| F|  |TAMS 0x00000000a5800000, 0x00000000a5800000| Untracked 
|  75|0x00000000a5900000, 0x00000000a5900000, 0x00000000a5a00000|  0%| F|  |TAMS 0x00000000a5900000, 0x00000000a5900000| Untracked 
|  76|0x00000000a5a00000, 0x00000000a5a00000, 0x00000000a5b00000|  0%| F|  |TAMS 0x00000000a5a00000, 0x00000000a5a00000| Untracked 
|  77|0x00000000a5b00000, 0x00000000a5b00000, 0x00000000a5c00000|  0%| F|  |TAMS 0x00000000a5b00000, 0x00000000a5b00000| Untracked 
|  78|0x00000000a5c00000, 0x00000000a5c00000, 0x00000000a5d00000|  0%| F|  |TAMS 0x00000000a5c00000, 0x00000000a5c00000| Untracked 
|  79|0x00000000a5d00000, 0x00000000a5d00000, 0x00000000a5e00000|  0%| F|  |TAMS 0x00000000a5d00000, 0x00000000a5d00000| Untracked 
|  80|0x00000000a5e00000, 0x00000000a5e00000, 0x00000000a5f00000|  0%| F|  |TAMS 0x00000000a5e00000, 0x00000000a5e00000| Untracked 
|  81|0x00000000a5f00000, 0x00000000a5f00000, 0x00000000a6000000|  0%| F|  |TAMS 0x00000000a5f00000, 0x00000000a5f00000| Untracked 
|  82|0x00000000a6000000, 0x00000000a6000000, 0x00000000a6100000|  0%| F|  |TAMS 0x00000000a6000000, 0x00000000a6000000| Untracked 
|  83|0x00000000a6100000, 0x00000000a6100000, 0x00000000a6200000|  0%| F|  |TAMS 0x00000000a6100000, 0x00000000a6100000| Untracked 
|  84|0x00000000a6200000, 0x00000000a6200000, 0x00000000a6300000|  0%| F|  |TAMS 0x00000000a6200000, 0x00000000a6200000| Untracked 
|  85|0x00000000a6300000, 0x00000000a6300000, 0x00000000a6400000|  0%| F|  |TAMS 0x00000000a6300000, 0x00000000a6300000| Untracked 
|  86|0x00000000a6400000, 0x00000000a6400000, 0x00000000a6500000|  0%| F|  |TAMS 0x00000000a6400000, 0x00000000a6400000| Untracked 
|  87|0x00000000a6500000, 0x00000000a6500000, 0x00000000a6600000|  0%| F|  |TAMS 0x00000000a6500000, 0x00000000a6500000| Untracked 
|  88|0x00000000a6600000, 0x00000000a6600000, 0x00000000a6700000|  0%| F|  |TAMS 0x00000000a6600000, 0x00000000a6600000| Untracked 
|  89|0x00000000a6700000, 0x00000000a6700000, 0x00000000a6800000|  0%| F|  |TAMS 0x00000000a6700000, 0x00000000a6700000| Untracked 
|  90|0x00000000a6800000, 0x00000000a6800000, 0x00000000a6900000|  0%| F|  |TAMS 0x00000000a6800000, 0x00000000a6800000| Untracked 
|  91|0x00000000a6900000, 0x00000000a69f64b0, 0x00000000a6a00000| 96%| E|  |TAMS 0x00000000a6900000, 0x00000000a6900000| Complete 
|  92|0x00000000a6a00000, 0x00000000a6b00000, 0x00000000a6b00000|100%| E|CS|TAMS 0x00000000a6a00000, 0x00000000a6a00000| Complete 
|  93|0x00000000a6b00000, 0x00000000a6c00000, 0x00000000a6c00000|100%| E|CS|TAMS 0x00000000a6b00000, 0x00000000a6b00000| Complete 
|  94|0x00000000a6c00000, 0x00000000a6d00000, 0x00000000a6d00000|100%| E|CS|TAMS 0x00000000a6c00000, 0x00000000a6c00000| Complete 
|  95|0x00000000a6d00000, 0x00000000a6e00000, 0x00000000a6e00000|100%| E|CS|TAMS 0x00000000a6d00000, 0x00000000a6d00000| Complete 

Card table byte_map: [0x000001764aa90000,0x000001764ad90000] _byte_map_base: 0x000001764a589000

Marking Bits (Prev, Next): (CMBitMap*) 0x0000017635d53eb8, (CMBitMap*) 0x0000017635d53ef0
 Prev Bits: [0x000001764b090000, 0x000001764c858000)
 Next Bits: [0x000001764c860000, 0x000001764e028000)

Polling page: 0x00000176375b0000

Metaspace:

Usage:
  Non-class:      5.98 MB capacity,     5.93 MB (>99%) used,    47.85 KB ( <1%) free+waste,     3.06 KB ( <1%) overhead. 
      Class:    630.00 KB capacity,   600.04 KB ( 95%) used,    28.65 KB (  5%) free+waste,     1.31 KB ( <1%) overhead. 
       Both:      6.60 MB capacity,     6.52 MB ( 99%) used,    76.50 KB (  1%) free+waste,     4.38 KB ( <1%) overhead. 

Virtual space:
  Non-class space:       12.00 MB reserved,       6.00 MB ( 50%) committed 
      Class space:        1.00 GB reserved,     640.00 KB ( <1%) committed 
             Both:        1.01 GB reserved,       6.63 MB ( <1%) committed 

Chunk freelists:
   Non-Class:  20.00 KB
       Class:  10.00 KB
        Both:  30.00 KB

MaxMetaspaceSize: 17179869184.00 GB
CompressedClassSpaceSize: 1.00 GB

CodeHeap 'non-profiled nmethods': size=120000Kb used=40Kb max_used=40Kb free=119959Kb
 bounds [0x00000176427f0000, 0x0000017642a60000, 0x0000017649d20000]
CodeHeap 'profiled nmethods': size=120000Kb used=209Kb max_used=209Kb free=119790Kb
 bounds [0x000001763b2c0000, 0x000001763b530000, 0x00000176427f0000]
CodeHeap 'non-nmethods': size=5760Kb used=1050Kb max_used=1062Kb free=4709Kb
 bounds [0x000001763ad20000, 0x000001763af90000, 0x000001763b2c0000]
 total_blobs=522 nmethods=177 adapters=257
 compilation: enabled
              stopped_count=0, restarted_count=0
 full_count=0

Compilation events (20 events):
Event: 0.449 Thread 0x0000017650b00000 nmethod 161 0x000001763b2f0090 code [0x000001763b2f02c0, 0x000001763b2f0ba8]
Event: 0.450 Thread 0x0000017650b00000  162       3       java.util.jar.Manifest$FastInputStream::readLine (9 bytes)
Event: 0.451 Thread 0x0000017650b00000 nmethod 162 0x000001763b2f0f10 code [0x000001763b2f10c0, 0x000001763b2f1208]
Event: 0.451 Thread 0x0000017650b00000  163       3       java.util.jar.Manifest$FastInputStream::peek (38 bytes)
Event: 0.451 Thread 0x0000017650b00000 nmethod 163 0x000001763b2f1310 code [0x000001763b2f14e0, 0x000001763b2f16e8]
Event: 0.451 Thread 0x0000017650af2000  164       4       java.lang.Object::<init> (1 bytes)
Event: 0.452 Thread 0x0000017650af2000 nmethod 164 0x00000176427f8b10 code [0x00000176427f8ca0, 0x00000176427f8d38]
Event: 0.452 Thread 0x0000017650b00000  165       3       java.lang.AbstractStringBuilder::<init> (39 bytes)
Event: 0.453 Thread 0x0000017650b00000 nmethod 165 0x000001763b2f1810 code [0x000001763b2f19c0, 0x000001763b2f1c38]
Event: 0.453 Thread 0x0000017650b00000  167       3       java.lang.AbstractStringBuilder::newCapacity (55 bytes)
Event: 0.453 Thread 0x0000017650b00000 nmethod 167 0x000001763b2f1d10 code [0x000001763b2f1ee0, 0x000001763b2f2108]
Event: 0.453 Thread 0x0000017650b00000  166       3       java.lang.StringBuilder::toString (35 bytes)
Event: 0.453 Thread 0x0000017650b00000 nmethod 166 0x000001763b2f2210 code [0x000001763b2f2400, 0x000001763b2f2898]
Event: 0.460 Thread 0x0000017650b00000  168       3       java.io.BufferedInputStream::getBufIfOpen (21 bytes)
Event: 0.460 Thread 0x0000017650b00000 nmethod 168 0x000001763b2f2a10 code [0x000001763b2f2be0, 0x000001763b2f2de8]
Event: 0.460 Thread 0x0000017650b00000  169       3       java.lang.StringUTF16::compress (50 bytes)
Event: 0.460 Thread 0x0000017650b00000 nmethod 169 0x000001763b2f2f10 code [0x000001763b2f30e0, 0x000001763b2f3318]
Event: 0.460 Thread 0x0000017650b00000  170       3       java.lang.String::checkBoundsOffCount (61 bytes)
Event: 0.461 Thread 0x0000017650b00000 nmethod 170 0x000001763b2f3490 code [0x000001763b2f3740, 0x000001763b2f4258]
Event: 0.461 Thread 0x0000017650b00000  171       3       java.io.DataInputStream::readUTF (501 bytes)

GC Heap History (0 events):
No events

Deoptimization events (4 events):
Event: 0.245 Thread 0x0000017635d1e800 Uncommon trap: trap_request=0xffffff4d fr.pc=0x00000176427f437c relative=0x00000000000001dc
Event: 0.245 Thread 0x0000017635d1e800 Uncommon trap: reason=unstable_if action=reinterpret pc=0x00000176427f437c method=java.lang.String.hashCode()I @ 14 c2
Event: 0.245 Thread 0x0000017635d1e800 DEOPT PACKING pc=0x00000176427f437c sp=0x00000012951fd3e0
Event: 0.245 Thread 0x0000017635d1e800 DEOPT UNPACKING pc=0x000001763ad474af sp=0x00000012951fd378 mode 2

Classes redefined (0 events):
No events

Internal exceptions (0 events):
No events

Events (20 events):
Event: 0.454 loading class java/text/AttributedCharacterIterator$Attribute
Event: 0.454 loading class java/text/AttributedCharacterIterator$Attribute done
Event: 0.454 loading class java/text/Format$Field done
Event: 0.454 loading class java/text/DateFormat$Field done
Event: 0.455 loading class java/util/Locale$Category
Event: 0.455 loading class java/util/Locale$Category done
Event: 0.455 loading class java/util/Locale$1
Event: 0.455 loading class java/util/Locale$1 done
Event: 0.455 loading class java/util/Calendar
Event: 0.456 loading class java/util/Calendar done
Event: 0.456 loading class java/util/TimeZone
Event: 0.456 loading class java/util/TimeZone done
Event: 0.457 loading class sun/util/calendar/ZoneInfo
Event: 0.458 loading class sun/util/calendar/ZoneInfo done
Event: 0.458 loading class sun/util/calendar/ZoneInfoFile
Event: 0.458 loading class sun/util/calendar/ZoneInfoFile done
Event: 0.458 loading class sun/util/calendar/ZoneInfoFile$1
Event: 0.459 loading class sun/util/calendar/ZoneInfoFile$1 done
Event: 0.459 loading class java/io/DataInputStream
Event: 0.459 loading class java/io/DataInputStream done


Dynamic libraries:
0x00007ff7b0cf0000 - 0x00007ff7b0cfa000 	C:\Program Files\JetBrains\IntelliJ IDEA Community Edition 2020.2.2\jbr\bin\java.exe
0x00007ffae8170000 - 0x00007ffae8366000 	C:\Windows\SYSTEM32\ntdll.dll
0x00007ffae61b0000 - 0x00007ffae626d000 	C:\Windows\System32\KERNEL32.DLL
0x00007ffae5a60000 - 0x00007ffae5d28000 	C:\Windows\System32\KERNELBASE.dll
0x00007ffae5f20000 - 0x00007ffae6020000 	C:\Windows\System32\ucrtbase.dll
0x00007ffad6b30000 - 0x00007ffad6b49000 	C:\Program Files\JetBrains\IntelliJ IDEA Community Edition 2020.2.2\jbr\bin\jli.dll
0x00007ffad6b10000 - 0x00007ffad6b27000 	C:\Program Files\JetBrains\IntelliJ IDEA Community Edition 2020.2.2\jbr\bin\VCRUNTIME140.dll
0x00007ffae7480000 - 0x00007ffae7620000 	C:\Windows\System32\USER32.dll
0x00007ffae5890000 - 0x00007ffae58b2000 	C:\Windows\System32\win32u.dll
0x00007ffad7000000 - 0x00007ffad729b000 	C:\Windows\WinSxS\amd64_microsoft.windows.common-controls_6595b64144ccf1df_6.0.19041.488_none_ca04af081b815d21\COMCTL32.dll
0x00007ffae7680000 - 0x00007ffae76aa000 	C:\Windows\System32\GDI32.dll
0x00007ffae8060000 - 0x00007ffae80fe000 	C:\Windows\System32\msvcrt.dll
0x00007ffae5e10000 - 0x00007ffae5f19000 	C:\Windows\System32\gdi32full.dll
0x00007ffae58c0000 - 0x00007ffae595d000 	C:\Windows\System32\msvcp_win.dll
0x00007ffae6270000 - 0x00007ffae62a0000 	C:\Windows\System32\IMM32.DLL
0x00007ffad5f90000 - 0x00007ffad602d000 	C:\Program Files\JetBrains\IntelliJ IDEA Community Edition 2020.2.2\jbr\bin\msvcp140.dll
0x00007ffaa7430000 - 0x00007ffaa7eed000 	C:\Program Files\JetBrains\IntelliJ IDEA Community Edition 2020.2.2\jbr\bin\server\jvm.dll
0x00007ffae62a0000 - 0x00007ffae634a000 	C:\Windows\System32\ADVAPI32.dll
0x00007ffae6350000 - 0x00007ffae63eb000 	C:\Windows\System32\sechost.dll
0x00007ffae7f30000 - 0x00007ffae8054000 	C:\Windows\System32\RPCRT4.dll
0x00007ffae7d30000 - 0x00007ffae7d38000 	C:\Windows\System32\PSAPI.DLL
0x00007ffade030000 - 0x00007ffade03a000 	C:\Windows\SYSTEM32\VERSION.dll
0x00007ffadc160000 - 0x00007ffadc187000 	C:\Windows\SYSTEM32\WINMM.dll
0x00007ffade6c0000 - 0x00007ffade6c9000 	C:\Windows\SYSTEM32\WSOCK32.dll
0x00007ffae6c60000 - 0x00007ffae6ccb000 	C:\Windows\System32\WS2_32.dll
0x00007ffae37e0000 - 0x00007ffae37f2000 	C:\Windows\SYSTEM32\kernel.appcore.dll
0x00007ffade6a0000 - 0x00007ffade6b1000 	C:\Program Files\JetBrains\IntelliJ IDEA Community Edition 2020.2.2\jbr\bin\verify.dll
0x00007ffaca0d0000 - 0x00007ffaca2b4000 	C:\Windows\SYSTEM32\DBGHELP.DLL
0x00007ffac8950000 - 0x00007ffac897c000 	C:\Windows\SYSTEM32\dbgcore.DLL
0x00007ffae5d30000 - 0x00007ffae5daf000 	C:\Windows\System32\bcryptPrimitives.dll
0x00007ffad6960000 - 0x00007ffad6989000 	C:\Program Files\JetBrains\IntelliJ IDEA Community Edition 2020.2.2\jbr\bin\java.dll
0x00007ffad7600000 - 0x00007ffad760b000 	C:\Program Files\JetBrains\IntelliJ IDEA Community Edition 2020.2.2\jbr\bin\jimage.dll
0x00007ffad6940000 - 0x00007ffad6958000 	C:\Program Files\JetBrains\IntelliJ IDEA Community Edition 2020.2.2\jbr\bin\zip.dll
0x00007ffae63f0000 - 0x00007ffae6b30000 	C:\Windows\System32\SHELL32.dll
0x00007ffae39e0000 - 0x00007ffae4174000 	C:\Windows\SYSTEM32\windows.storage.dll
0x00007ffae79d0000 - 0x00007ffae7d25000 	C:\Windows\System32\combase.dll
0x00007ffae5230000 - 0x00007ffae525c000 	C:\Windows\SYSTEM32\Wldp.dll
0x00007ffae78c0000 - 0x00007ffae796e000 	C:\Windows\System32\SHCORE.dll
0x00007ffae7970000 - 0x00007ffae79c5000 	C:\Windows\System32\shlwapi.dll
0x00007ffae57c0000 - 0x00007ffae57e6000 	C:\Windows\SYSTEM32\profapi.dll
0x00007ffad66c0000 - 0x00007ffad66da000 	C:\Program Files\JetBrains\IntelliJ IDEA Community Edition 2020.2.2\jbr\bin\net.dll
0x00007ffadeef0000 - 0x00007ffadeff0000 	C:\Windows\SYSTEM32\WINHTTP.dll
0x00007ffae4fb0000 - 0x00007ffae501a000 	C:\Windows\system32\mswsock.dll
0x00007ffad66a0000 - 0x00007ffad66b4000 	C:\Program Files\JetBrains\IntelliJ IDEA Community Edition 2020.2.2\jbr\bin\nio.dll

dbghelp: loaded successfully - version: 4.0.5 - missing functions: none
symbol engine: initialized successfully - sym options: 0x614 - pdb path: .;C:\Program Files\JetBrains\IntelliJ IDEA Community Edition 2020.2.2\jbr\bin;C:\Windows\SYSTEM32;C:\Windows\WinSxS\amd64_microsoft.windows.common-controls_6595b64144ccf1df_6.0.19041.488_none_ca04af081b815d21;C:\Program Files\JetBrains\IntelliJ IDEA Community Edition 2020.2.2\jbr\bin\server

VM Arguments:
java_command: org.jetbrains.git4idea.http.GitAskPassApp Password for 'https://avetluginaa@github.com': 
java_class_path (initial): C:/Program Files/JetBrains/IntelliJ IDEA Community Edition 2020.2.2/plugins/git4idea/lib/git4idea-rt.jar;C:/Program Files/JetBrains/IntelliJ IDEA Community Edition 2020.2.2/lib/xmlrpc-2.0.1.jar;C:/Program Files/JetBrains/IntelliJ IDEA Community Edition 2020.2.2/lib/commons-codec-1.14.jar
Launcher Type: SUN_STANDARD

[Global flags]
     intx CICompilerCount                          = 4                                         {product} {ergonomic}
     uint ConcGCThreads                            = 2                                         {product} {ergonomic}
     uint G1ConcRefinementThreads                  = 8                                         {product} {ergonomic}
   size_t G1HeapRegionSize                         = 1048576                                   {product} {ergonomic}
    uintx GCDrainStackTargetSize                   = 64                                        {product} {ergonomic}
   size_t InitialHeapSize                          = 100663296                                 {product} {ergonomic}
   size_t MarkStackSize                            = 4194304                                   {product} {ergonomic}
   size_t MaxHeapSize                              = 1595932672                                {product} {ergonomic}
   size_t MaxNewSize                               = 957349888                                 {product} {ergonomic}
   size_t MinHeapDeltaBytes                        = 1048576                                   {product} {ergonomic}
    uintx NonNMethodCodeHeapSize                   = 5836300                                {pd product} {ergonomic}
    uintx NonProfiledCodeHeapSize                  = 122910970                              {pd product} {ergonomic}
    uintx ProfiledCodeHeapSize                     = 122910970                              {pd product} {ergonomic}
    uintx ReservedCodeCacheSize                    = 251658240                              {pd product} {ergonomic}
     bool SegmentedCodeCache                       = true                                      {product} {ergonomic}
     bool UseCompressedClassPointers               = true                                 {lp64_product} {ergonomic}
     bool UseCompressedOops                        = true                                 {lp64_product} {ergonomic}
     bool UseG1GC                                  = true                                      {product} {ergonomic}
     bool UseLargePagesIndividualAllocation        = false                                  {pd product} {ergonomic}

Logging:
Log output configuration:
 #0: stdout all=warning uptime,level,tags
 #1: stderr all=off uptime,level,tags

Environment Variables:
JAVA_HOME=C:\Program Files\Java\jdk-11.0.8
PATH=C:\Program Files\Git\mingw64\libexec\git-core;C:\Program Files\Git\mingw64\libexec\git-core;C:\Program Files\Git\mingw64\bin;C:\Program Files\Git\usr\bin;C:\Users\Nastusha\bin;C:\Program Files\Microsoft MPI\Bin;C:\Program Files (x86)\Common Files\Intel\Shared Libraries\redist\intel64\compiler;C:\Program Files\Java\jdk-11.0.8\bin;C:\Program Files (x86)\Microsoft SQL Server\140\Tools\Binn;C:\Program Files\Microsoft SQL Server\140\Tools\Binn;C:\Program Files (x86)\Microsoft SQL Server\140\DTS\Binn;C:\Program Files\Microsoft SQL Server\140\DTS\Binn;C:\Program Files\Microsoft SQL Server\Client SDK\ODBC\130\Tools\Binn;C:\Program Files (x86)\Microsoft SQL Server\150\DTS\Binn;C:\Program Files\Azure Data Studio\bin;C:\Users\Nastusha\AppData\Local\Microsoft\WindowsApps;C:\Program Files\JetBrains\PyCharm 2020.2.2\bin;C:\Program Files\JetBrains\IntelliJ IDEA Community Edition 2020.2.2\bin;C:\Program Files\Azure Data Studio\bin
USERNAME=Nastusha
DISPLAY=:0.0
LC_ALL=en_US.UTF-8
OS=Windows_NT
PROCESSOR_IDENTIFIER=AMD64 Family 23 Model 24 Stepping 1, AuthenticAMD



---------------  S Y S T E M  ---------------

OS: Windows 10 , 64 bit Build 19041 (10.0.19041.546)
OS uptime: 0 days 7:19 hours

CPU:total 8 (initial active 8) (8 cores per cpu, 2 threads per core) family 23 model 24 stepping 1, cmov, cx8, fxsr, mmx, sse, sse2, sse3, ssse3, sse4.1, sse4.2, popcnt, avx, avx2, aes, clmul, mmxext, 3dnowpref, lzcnt, sse4a, ht, tsc, tscinvbit, tscinv, bmi1, bmi2, adx, sha, fma

Memory: 4k page, system-wide physical 6082M (777M free)
TotalPageFile size 8130M (AvailPageFile size 2M)
current process WorkingSet (physical memory assigned to process): 41M, peak: 41M
current process commit charge ("private bytes"): 173M, peak: 173M

vm_info: OpenJDK 64-Bit Server VM (11.0.8+10-b944.31) for windows-amd64 JRE (11.0.8+10-b944.31), built on Aug  6 2020 12:27:04 by "" with MS VC++ 14.0 (VS2015)

END.
