#
# There is insufficient memory for the Java Runtime Environment to continue.
# Native memory allocation (malloc) failed to allocate 160088 bytes for AllocateHeap
# Possible reasons:
#   The system is out of physical RAM or swap space
#   The process is running with CompressedOops enabled, and the Java Heap may be blocking the growth of the native heap
# Possible solutions:
#   Reduce memory load on the system
#   Increase physical memory or swap space
#   Check if swap backing store is full
#   Decrease Java heap size (-Xmx/-Xms)
#   Decrease number of Java threads
#   Decrease Java thread stack sizes (-Xss)
#   Set larger code cache with -XX:ReservedCodeCacheSize=
#   JVM is running with Unscaled Compressed Oops mode in which the Java heap is
#     placed in the first 4GB address space. The Java Heap base address is the
#     maximum limit for the native heap growth. Please use -XX:HeapBaseMinAddress
#     to set the Java Heap base and to place the Java Heap above 4GB virtual address.
# This output file may be truncated or incomplete.
#
#  Out of Memory Error (./src/hotspot/share/memory/allocation.cpp:46), pid=10892, tid=1596
#
# JRE version:  (11.0.8+10) (build )
# Java VM: OpenJDK 64-Bit Server VM (11.0.8+10-b944.31, mixed mode, tiered, compressed oops, g1 gc, windows-amd64)
# No core dump will be written. Minidumps are not enabled by default on client versions of Windows
#

---------------  S U M M A R Y ------------

Command Line: org.jetbrains.git4idea.http.GitAskPassApp Username for 'https://github.com': 

Host: AMD Ryzen 5 3500U with Radeon Vega Mobile Gfx  , 8 cores, 5G,  Windows 10 , 64 bit Build 19041 (10.0.19041.292)
Time: Sun Sep 20 22:25:54 2020 RTZ 2 (зима) elapsed time: 0 seconds (0d 0h 0m 0s)

---------------  T H R E A D  ---------------

Current thread (0x00000213d5b5b800):  JavaThread "Unknown thread" [_thread_in_vm, id=1596, stack(0x0000004cfd600000,0x0000004cfd700000)]

Stack: [0x0000004cfd600000,0x0000004cfd700000]
Native frames: (J=compiled Java code, j=interpreted, Vv=VM code, C=native code)
V  [jvm.dll+0x5de35a]
V  [jvm.dll+0x712355]
V  [jvm.dll+0x7138ad]
V  [jvm.dll+0x713f63]
V  [jvm.dll+0x23e628]
V  [jvm.dll+0xb024a]
V  [jvm.dll+0x2a72c8]
V  [jvm.dll+0x58dee1]
V  [jvm.dll+0x6f2a32]
V  [jvm.dll+0x3558f9]
V  [jvm.dll+0x6d492e]
V  [jvm.dll+0x3bdad3]
V  [jvm.dll+0x3bfd01]
C  [jli.dll+0x5373]
C  [ucrtbase.dll+0x214c2]
C  [KERNEL32.DLL+0x16fd4]
C  [ntdll.dll+0x4cec1]


---------------  P R O C E S S  ---------------

Threads class SMR info:
_java_thread_list=0x00000213d39601a0, length=0, elements={
}

Java Threads: ( => current thread )

Other Threads:
  0x00000213d5b72000 GCTaskThread "GC Thread#0" [stack: 0x0000004cfd700000,0x0000004cfd800000] [id=9728]
  0x00000213d5b99800 ConcurrentGCThread "G1 Main Marker" [stack: 0x0000004cfd800000,0x0000004cfd900000] [id=6704]
  0x00000213d5b9b000 ConcurrentGCThread "G1 Conc#0" [stack: 0x0000004cfd900000,0x0000004cfda00000] [id=9816]
  0x00000213d5c12800 ConcurrentGCThread "G1 Refine#0" [stack: 0x0000000000000000,0x0000000000000000]
  0x00000213d5c14800 ConcurrentGCThread "G1 Young RemSet Sampling" [stack: 0x0000004cfda00000,0x0000004cfdb00000] [id=9156]

=>0x00000213d5b5b800 (exited) JavaThread "Unknown thread" [_thread_in_vm, id=1596, stack(0x0000004cfd600000,0x0000004cfd700000)]

Threads with active compile tasks:

VM state:not at safepoint (not fully initialized)

VM Mutex/Monitor currently owned by a thread: None

Heap address: 0x00000000a0e00000, size: 1522 MB, Compressed Oops mode: 32-bit
Narrow klass base: 0x0000000000000000, Narrow klass shift: 3
Compressed class space size: 1073741824 Address: 0x0000000100000000

GC Heap History (0 events):
No events

Deoptimization events (0 events):
No events

Classes redefined (0 events):
No events

Internal exceptions (0 events):
No events

Events (1 events):
Event: 0.015 Loaded shared library C:\Program Files\JetBrains\IntelliJ IDEA Community Edition 2020.2.2\jbr\bin\zip.dll


Dynamic libraries:
0x00007ff773160000 - 0x00007ff77316a000 	C:\Program Files\JetBrains\IntelliJ IDEA Community Edition 2020.2.2\jbr\bin\java.exe
0x00007fff68270000 - 0x00007fff68465000 	C:\Windows\SYSTEM32\ntdll.dll
0x00007fff66ca0000 - 0x00007fff66d5d000 	C:\Windows\System32\KERNEL32.DLL
0x00007fff65fa0000 - 0x00007fff66267000 	C:\Windows\System32\KERNELBASE.dll
0x00007fff659e0000 - 0x00007fff65ae0000 	C:\Windows\System32\ucrtbase.dll
0x00007fff614d0000 - 0x00007fff614e9000 	C:\Program Files\JetBrains\IntelliJ IDEA Community Edition 2020.2.2\jbr\bin\jli.dll
0x00007fff614b0000 - 0x00007fff614c7000 	C:\Program Files\JetBrains\IntelliJ IDEA Community Edition 2020.2.2\jbr\bin\VCRUNTIME140.dll
0x00007fff66dd0000 - 0x00007fff66f70000 	C:\Windows\System32\USER32.dll
0x00007fff66270000 - 0x00007fff66292000 	C:\Windows\System32\win32u.dll
0x00007fff55b00000 - 0x00007fff55d9b000 	C:\Windows\WinSxS\amd64_microsoft.windows.common-controls_6595b64144ccf1df_6.0.19041.488_none_ca04af081b815d21\COMCTL32.dll
0x00007fff66c70000 - 0x00007fff66c9a000 	C:\Windows\System32\GDI32.dll
0x00007fff66600000 - 0x00007fff6669e000 	C:\Windows\System32\msvcrt.dll
0x00007fff65d60000 - 0x00007fff65e69000 	C:\Windows\System32\gdi32full.dll
0x00007fff65ae0000 - 0x00007fff65b7d000 	C:\Windows\System32\msvcp_win.dll
0x00007fff668e0000 - 0x00007fff66910000 	C:\Windows\System32\IMM32.DLL
0x00007fff5f5b0000 - 0x00007fff5f64d000 	C:\Program Files\JetBrains\IntelliJ IDEA Community Edition 2020.2.2\jbr\bin\msvcp140.dll
0x00007fff3aaa0000 - 0x00007fff3b55d000 	C:\Program Files\JetBrains\IntelliJ IDEA Community Edition 2020.2.2\jbr\bin\server\jvm.dll
0x00007fff680f0000 - 0x00007fff6819a000 	C:\Windows\System32\ADVAPI32.dll
0x00007fff67040000 - 0x00007fff670db000 	C:\Windows\System32\sechost.dll
0x00007fff67eb0000 - 0x00007fff67fd4000 	C:\Windows\System32\RPCRT4.dll
0x00007fff665f0000 - 0x00007fff665f8000 	C:\Windows\System32\PSAPI.DLL
0x00007fff615a0000 - 0x00007fff615a9000 	C:\Windows\SYSTEM32\WSOCK32.dll
0x00007fff5c5a0000 - 0x00007fff5c5c7000 	C:\Windows\SYSTEM32\WINMM.dll
0x00007fff5db70000 - 0x00007fff5db7a000 	C:\Windows\SYSTEM32\VERSION.dll
0x00007fff66d60000 - 0x00007fff66dcb000 	C:\Windows\System32\WS2_32.dll
0x00007fff638e0000 - 0x00007fff638f3000 	C:\Windows\SYSTEM32\kernel.appcore.dll
0x00007fff60e30000 - 0x00007fff60e41000 	C:\Program Files\JetBrains\IntelliJ IDEA Community Edition 2020.2.2\jbr\bin\verify.dll
0x00007fff52320000 - 0x00007fff52504000 	C:\Windows\SYSTEM32\DBGHELP.DLL
0x00007fff522f0000 - 0x00007fff5231c000 	C:\Windows\SYSTEM32\dbgcore.DLL
0x00007fff65f20000 - 0x00007fff65f9f000 	C:\Windows\System32\bcryptPrimitives.dll
0x00007fff60760000 - 0x00007fff60789000 	C:\Program Files\JetBrains\IntelliJ IDEA Community Edition 2020.2.2\jbr\bin\java.dll
0x00007fff61590000 - 0x00007fff6159b000 	C:\Program Files\JetBrains\IntelliJ IDEA Community Edition 2020.2.2\jbr\bin\jimage.dll
0x00007fff60ba0000 - 0x00007fff60bb8000 	C:\Program Files\JetBrains\IntelliJ IDEA Community Edition 2020.2.2\jbr\bin\zip.dll

dbghelp: loaded successfully - version: 4.0.5 - missing functions: none
symbol engine: initialized successfully - sym options: 0x614 - pdb path: .;C:\Program Files\JetBrains\IntelliJ IDEA Community Edition 2020.2.2\jbr\bin;C:\Windows\SYSTEM32;C:\Windows\WinSxS\amd64_microsoft.windows.common-controls_6595b64144ccf1df_6.0.19041.488_none_ca04af081b815d21;C:\Program Files\JetBrains\IntelliJ IDEA Community Edition 2020.2.2\jbr\bin\server

VM Arguments:
java_command: org.jetbrains.git4idea.http.GitAskPassApp Username for 'https://github.com': 
java_class_path (initial): C:/Program Files/JetBrains/IntelliJ IDEA Community Edition 2020.2.2/plugins/git4idea/lib/git4idea-rt.jar;C:/Program Files/JetBrains/IntelliJ IDEA Community Edition 2020.2.2/lib/xmlrpc-2.0.1.jar;C:/Program Files/JetBrains/IntelliJ IDEA Community Edition 2020.2.2/lib/commons-codec-1.14.jar
Launcher Type: SUN_STANDARD

[Global flags]
     intx CICompilerCount                          = 4                                         {product} {ergonomic}
     uint ConcGCThreads                            = 2                                         {product} {ergonomic}
     uint G1ConcRefinementThreads                  = 8                                         {product} {ergonomic}
   size_t G1HeapRegionSize                         = 1048576                                   {product} {ergonomic}
    uintx GCDrainStackTargetSize                   = 64                                        {product} {ergonomic}
   size_t InitialHeapSize                          = 100663296                                 {product} {ergonomic}
   size_t MarkStackSize                            = 4194304                                   {product} {ergonomic}
   size_t MaxHeapSize                              = 1595932672                                {product} {ergonomic}
   size_t MaxNewSize                               = 957349888                                 {product} {ergonomic}
   size_t MinHeapDeltaBytes                        = 1048576                                   {product} {ergonomic}
    uintx NonNMethodCodeHeapSize                   = 5836300                                {pd product} {ergonomic}
    uintx NonProfiledCodeHeapSize                  = 122910970                              {pd product} {ergonomic}
    uintx ProfiledCodeHeapSize                     = 122910970                              {pd product} {ergonomic}
    uintx ReservedCodeCacheSize                    = 251658240                              {pd product} {ergonomic}
     bool SegmentedCodeCache                       = true                                      {product} {ergonomic}
     bool UseCompressedClassPointers               = true                                 {lp64_product} {ergonomic}
     bool UseCompressedOops                        = true                                 {lp64_product} {ergonomic}
     bool UseG1GC                                  = true                                      {product} {ergonomic}
     bool UseLargePagesIndividualAllocation        = false                                  {pd product} {ergonomic}

Logging:
Log output configuration:
 #0: stdout all=warning uptime,level,tags
 #1: stderr all=off uptime,level,tags

Environment Variables:
JAVA_HOME=C:\Program Files\Java\jdk-11.0.8
PATH=C:\Program Files\Git\mingw64\libexec\git-core;C:\Program Files\Git\mingw64\libexec\git-core;C:\Program Files\Git\mingw64\bin;C:\Program Files\Git\usr\bin;C:\Users\Nastusha\bin;C:\Program Files\Java\jdk-11.0.8\bin;C:\Users\Nastusha\AppData\Local\Programs\Python\Python38-32\Scripts;C:\Users\Nastusha\AppData\Local\Programs\Python\Python38-32;C:\Users\Nastusha\AppData\Local\Programs\Python\Python38\Scripts;C:\Users\Nastusha\AppData\Local\Programs\Python\Python38;C:\Users\Nastusha\AppData\Local\Microsoft\WindowsApps;C:\Program Files\JetBrains\PyCharm 2020.2.2\bin;C:\Program Files\JetBrains\IntelliJ IDEA Community Edition 2020.2.2\bin
USERNAME=Nastusha
DISPLAY=:0.0
LC_ALL=en_US.UTF-8
OS=Windows_NT
PROCESSOR_IDENTIFIER=AMD64 Family 23 Model 24 Stepping 1, AuthenticAMD



---------------  S Y S T E M  ---------------

OS: Windows 10 , 64 bit Build 19041 (10.0.19041.292)
OS uptime: 0 days 7:43 hours

CPU:total 8 (initial active 8) (8 cores per cpu, 2 threads per core) family 23 model 24 stepping 1, cmov, cx8, fxsr, mmx, sse, sse2, sse3, ssse3, sse4.1, sse4.2, popcnt, avx, avx2, aes, clmul, mmxext, 3dnowpref, lzcnt, sse4a, ht, tsc, tscinvbit, tscinv, bmi1, bmi2, adx, sha, fma

Memory: 4k page, system-wide physical 6082M (711M free)
TotalPageFile size 8130M (AvailPageFile size 1M)
current process WorkingSet (physical memory assigned to process): 14M, peak: 14M
current process commit charge ("private bytes"): 160M, peak: 160M

vm_info: OpenJDK 64-Bit Server VM (11.0.8+10-b944.31) for windows-amd64 JRE (11.0.8+10-b944.31), built on Aug  6 2020 12:27:04 by "" with MS VC++ 14.0 (VS2015)

END.
