#
# There is insufficient memory for the Java Runtime Environment to continue.
# Native memory allocation (mmap) failed to map 100663296 bytes for Failed to commit area from 0x00000000a0e00000 to 0x00000000a6e00000 of length 100663296.
# Possible reasons:
#   The system is out of physical RAM or swap space
#   The process is running with CompressedOops enabled, and the Java Heap may be blocking the growth of the native heap
# Possible solutions:
#   Reduce memory load on the system
#   Increase physical memory or swap space
#   Check if swap backing store is full
#   Decrease Java heap size (-Xmx/-Xms)
#   Decrease number of Java threads
#   Decrease Java thread stack sizes (-Xss)
#   Set larger code cache with -XX:ReservedCodeCacheSize=
# This output file may be truncated or incomplete.
#
#  Out of Memory Error (./src/hotspot/os/windows/os_windows.cpp:3303), pid=9968, tid=6724
#
# JRE version:  (11.0.8+10) (build )
# Java VM: OpenJDK 64-Bit Server VM (11.0.8+10-b944.31, mixed mode, sharing, tiered, compressed oops, g1 gc, windows-amd64)
# No core dump will be written. Minidumps are not enabled by default on client versions of Windows
#

---------------  S U M M A R Y ------------

Command Line: org.jetbrains.git4idea.http.GitAskPassApp Username for 'https://github.com': 

Host: AMD Ryzen 5 3500U with Radeon Vega Mobile Gfx  , 8 cores, 5G,  Windows 10 , 64 bit Build 19041 (10.0.19041.546)
Time: Sun Dec 13 17:12:01 2020 RTZ 4 (зима) elapsed time: 0 seconds (0d 0h 0m 0s)

---------------  T H R E A D  ---------------

Current thread (0x000001e490b5e000):  JavaThread "Unknown thread" [_thread_in_vm, id=6724, stack(0x000000083d700000,0x000000083d800000)]

Stack: [0x000000083d700000,0x000000083d800000]
Native frames: (J=compiled Java code, j=interpreted, Vv=VM code, C=native code)
V  [jvm.dll+0x5de35a]
V  [jvm.dll+0x712355]
V  [jvm.dll+0x7138ad]
V  [jvm.dll+0x713f63]
V  [jvm.dll+0x23e628]
V  [jvm.dll+0x5db804]
V  [jvm.dll+0x5d0925]
V  [jvm.dll+0x2faf9b]
V  [jvm.dll+0x2faf0a]
V  [jvm.dll+0x2fade2]
V  [jvm.dll+0x2ffcb6]
V  [jvm.dll+0x3483a3]
V  [jvm.dll+0x348aa6]
V  [jvm.dll+0x3484a3]
V  [jvm.dll+0x2d5be8]
V  [jvm.dll+0x2d6d87]
V  [jvm.dll+0x6f10e7]
V  [jvm.dll+0x6f28dc]
V  [jvm.dll+0x3558f9]
V  [jvm.dll+0x6d492e]
V  [jvm.dll+0x3bdad3]
V  [jvm.dll+0x3bfd01]
C  [jli.dll+0x5373]
C  [ucrtbase.dll+0x214c2]
C  [KERNEL32.DLL+0x17034]
C  [ntdll.dll+0x4cec1]


---------------  P R O C E S S  ---------------

Threads class SMR info:
_java_thread_list=0x000001e490a84b40, length=0, elements={
}

Java Threads: ( => current thread )

Other Threads:
  0x000001e490b93800 GCTaskThread "GC Thread#0" [stack: 0x000000083d800000,0x000000083d900000] [id=2352]
  0x000001e490bb9000 ConcurrentGCThread "G1 Main Marker" [stack: 0x000000083d900000,0x000000083da00000] [id=3684]
  0x000001e490bba800 ConcurrentGCThread "G1 Conc#0" [stack: 0x000000083da00000,0x000000083db00000] [id=12172]

[error occurred during error reporting (printing all threads), id 0xc0000005, EXCEPTION_ACCESS_VIOLATION (0xc0000005) at pc=0x00007fffdefe60c7]

VM state:not at safepoint (not fully initialized)

VM Mutex/Monitor currently owned by a thread:  ([mutex/lock_event])
[0x000001e490b5bc60] Heap_lock - owner thread: 0x000001e490b5e000

Heap address: 0x00000000a0e00000, size: 1522 MB, Compressed Oops mode: Non-zero based: 0x00000000a0e00000
Narrow klass base: 0x0000000000000000, Narrow klass shift: 0

GC Heap History (0 events):
No events

Deoptimization events (0 events):
No events

Classes redefined (0 events):
No events

Internal exceptions (0 events):
No events

Events (1 events):
Event: 0.018 Loaded shared library C:\Program Files\JetBrains\IntelliJ IDEA Community Edition 2020.2.2\jbr\bin\zip.dll


Dynamic libraries:
0x00007ff6ffde0000 - 0x00007ff6ffdea000 	C:\Program Files\JetBrains\IntelliJ IDEA Community Edition 2020.2.2\jbr\bin\java.exe
0x00007ff81de50000 - 0x00007ff81e046000 	C:\Windows\SYSTEM32\ntdll.dll
0x00007ff81bf90000 - 0x00007ff81c04d000 	C:\Windows\System32\KERNEL32.DLL
0x00007ff81b960000 - 0x00007ff81bc28000 	C:\Windows\System32\KERNELBASE.dll
0x00007ff81b6a0000 - 0x00007ff81b7a0000 	C:\Windows\System32\ucrtbase.dll
0x00007ff814d80000 - 0x00007ff814d99000 	C:\Program Files\JetBrains\IntelliJ IDEA Community Edition 2020.2.2\jbr\bin\jli.dll
0x00007ff814d60000 - 0x00007ff814d77000 	C:\Program Files\JetBrains\IntelliJ IDEA Community Edition 2020.2.2\jbr\bin\VCRUNTIME140.dll
0x00007ff81db00000 - 0x00007ff81dca0000 	C:\Windows\System32\USER32.dll
0x00007ff81bdc0000 - 0x00007ff81bde2000 	C:\Windows\System32\win32u.dll
0x00007ff80ce30000 - 0x00007ff80d0cb000 	C:\Windows\WinSxS\amd64_microsoft.windows.common-controls_6595b64144ccf1df_6.0.19041.488_none_ca04af081b815d21\COMCTL32.dll
0x00007ff81c4b0000 - 0x00007ff81c4da000 	C:\Windows\System32\GDI32.dll
0x00007ff81bc30000 - 0x00007ff81bd39000 	C:\Windows\System32\gdi32full.dll
0x00007ff81bdf0000 - 0x00007ff81be8d000 	C:\Windows\System32\msvcp_win.dll
0x00007ff81d370000 - 0x00007ff81d40e000 	C:\Windows\System32\msvcrt.dll
0x00007ff81bf60000 - 0x00007ff81bf90000 	C:\Windows\System32\IMM32.DLL
0x00007ffffe150000 - 0x00007ffffe1ed000 	C:\Program Files\JetBrains\IntelliJ IDEA Community Edition 2020.2.2\jbr\bin\msvcp140.dll
0x00007fffded00000 - 0x00007fffdf7bd000 	C:\Program Files\JetBrains\IntelliJ IDEA Community Edition 2020.2.2\jbr\bin\server\jvm.dll
0x00007ff81be90000 - 0x00007ff81bf3a000 	C:\Windows\System32\ADVAPI32.dll
0x00007ff81ce60000 - 0x00007ff81cefb000 	C:\Windows\System32\sechost.dll
0x00007ff81c1d0000 - 0x00007ff81c2f4000 	C:\Windows\System32\RPCRT4.dll
0x00007ff81d8a0000 - 0x00007ff81d8a8000 	C:\Windows\System32\PSAPI.DLL
0x00007ff811f60000 - 0x00007ff811f87000 	C:\Windows\SYSTEM32\WINMM.dll
0x00007ff814f90000 - 0x00007ff814f9a000 	C:\Windows\SYSTEM32\VERSION.dll
0x00007ffffa800000 - 0x00007ffffa809000 	C:\Windows\SYSTEM32\WSOCK32.dll
0x00007ff81dd70000 - 0x00007ff81dddb000 	C:\Windows\System32\WS2_32.dll
0x00007ff8194c0000 - 0x00007ff8194d2000 	C:\Windows\SYSTEM32\kernel.appcore.dll
0x00007fffe6710000 - 0x00007fffe6721000 	C:\Program Files\JetBrains\IntelliJ IDEA Community Edition 2020.2.2\jbr\bin\verify.dll
0x00007ff800640000 - 0x00007ff800824000 	C:\Windows\SYSTEM32\DBGHELP.DLL
0x00007ff800610000 - 0x00007ff80063c000 	C:\Windows\SYSTEM32\dbgcore.DLL
0x00007ff81b620000 - 0x00007ff81b69f000 	C:\Windows\System32\bcryptPrimitives.dll
0x00007fffe5bc0000 - 0x00007fffe5be9000 	C:\Program Files\JetBrains\IntelliJ IDEA Community Edition 2020.2.2\jbr\bin\java.dll
0x00007ffffa780000 - 0x00007ffffa78b000 	C:\Program Files\JetBrains\IntelliJ IDEA Community Edition 2020.2.2\jbr\bin\jimage.dll
0x00007fffe9f10000 - 0x00007fffe9f28000 	C:\Program Files\JetBrains\IntelliJ IDEA Community Edition 2020.2.2\jbr\bin\zip.dll

dbghelp: loaded successfully - version: 4.0.5 - missing functions: none
symbol engine: initialized successfully - sym options: 0x614 - pdb path: .;C:\Program Files\JetBrains\IntelliJ IDEA Community Edition 2020.2.2\jbr\bin;C:\Windows\SYSTEM32;C:\Windows\WinSxS\amd64_microsoft.windows.common-controls_6595b64144ccf1df_6.0.19041.488_none_ca04af081b815d21;C:\Program Files\JetBrains\IntelliJ IDEA Community Edition 2020.2.2\jbr\bin\server

VM Arguments:
java_command: org.jetbrains.git4idea.http.GitAskPassApp Username for 'https://github.com': 
java_class_path (initial): C:/Program Files/JetBrains/IntelliJ IDEA Community Edition 2020.2.2/plugins/git4idea/lib/git4idea-rt.jar;C:/Program Files/JetBrains/IntelliJ IDEA Community Edition 2020.2.2/lib/xmlrpc-2.0.1.jar;C:/Program Files/JetBrains/IntelliJ IDEA Community Edition 2020.2.2/lib/commons-codec-1.14.jar
Launcher Type: SUN_STANDARD

[Global flags]
     intx CICompilerCount                          = 4                                         {product} {ergonomic}
     uint ConcGCThreads                            = 2                                         {product} {ergonomic}
     uint G1ConcRefinementThreads                  = 8                                         {product} {ergonomic}
   size_t G1HeapRegionSize                         = 1048576                                   {product} {ergonomic}
    uintx GCDrainStackTargetSize                   = 64                                        {product} {ergonomic}
   size_t InitialHeapSize                          = 100663296                                 {product} {ergonomic}
   size_t MarkStackSize                            = 4194304                                   {product} {ergonomic}
   size_t MaxHeapSize                              = 1595932672                                {product} {ergonomic}
   size_t MinHeapDeltaBytes                        = 1048576                                   {product} {ergonomic}
    uintx NonNMethodCodeHeapSize                   = 5836300                                {pd product} {ergonomic}
    uintx NonProfiledCodeHeapSize                  = 122910970                              {pd product} {ergonomic}
    uintx ProfiledCodeHeapSize                     = 122910970                              {pd product} {ergonomic}
    uintx ReservedCodeCacheSize                    = 251658240                              {pd product} {ergonomic}
     bool SegmentedCodeCache                       = true                                      {product} {ergonomic}
     bool UseCompressedClassPointers               = true                                 {lp64_product} {ergonomic}
     bool UseCompressedOops                        = true                                 {lp64_product} {ergonomic}
     bool UseG1GC                                  = true                                      {product} {ergonomic}
     bool UseLargePagesIndividualAllocation        = false                                  {pd product} {ergonomic}

Logging:
Log output configuration:
 #0: stdout all=warning uptime,level,tags
 #1: stderr all=off uptime,level,tags

Environment Variables:
JAVA_HOME=C:\Program Files\Java\jdk-11.0.8
PATH=C:\Program Files\Git\mingw64\libexec\git-core;C:\Program Files\Git\mingw64\libexec\git-core;C:\Program Files\Git\mingw64\bin;C:\Program Files\Git\usr\bin;C:\Users\Nastusha\bin;C:\Program Files\Microsoft MPI\Bin;C:\Program Files (x86)\Common Files\Intel\Shared Libraries\redist\intel64\compiler;C:\Program Files\Java\jdk-11.0.8\bin;C:\Program Files (x86)\Microsoft SQL Server\140\Tools\Binn;C:\Program Files\Microsoft SQL Server\140\Tools\Binn;C:\Program Files (x86)\Microsoft SQL Server\140\DTS\Binn;C:\Program Files\Microsoft SQL Server\140\DTS\Binn;C:\Program Files\Microsoft SQL Server\Client SDK\ODBC\130\Tools\Binn;C:\Program Files (x86)\Microsoft SQL Server\150\DTS\Binn;C:\Program Files\Azure Data Studio\bin;C:\Users\Nastusha\AppData\Local\Microsoft\WindowsApps;C:\Program Files\JetBrains\PyCharm 2020.2.2\bin;C:\Program Files\JetBrains\IntelliJ IDEA Community Edition 2020.2.2\bin;C:\Program Files\Azure Data Studio\bin
USERNAME=Nastusha
DISPLAY=:0.0
LC_ALL=en_US.UTF-8
OS=Windows_NT
PROCESSOR_IDENTIFIER=AMD64 Family 23 Model 24 Stepping 1, AuthenticAMD



---------------  S Y S T E M  ---------------

OS: Windows 10 , 64 bit Build 19041 (10.0.19041.546)
OS uptime: 0 days 2:40 hours

CPU:total 8 (initial active 8) (8 cores per cpu, 2 threads per core) family 23 model 24 stepping 1, cmov, cx8, fxsr, mmx, sse, sse2, sse3, ssse3, sse4.1, sse4.2, popcnt, avx, avx2, aes, clmul, mmxext, 3dnowpref, lzcnt, sse4a, ht, tsc, tscinvbit, tscinv, bmi1, bmi2, adx, sha, fma

Memory: 4k page, system-wide physical 6082M (555M free)
TotalPageFile size 8130M (AvailPageFile size 66M)
current process WorkingSet (physical memory assigned to process): 10M, peak: 10M
current process commit charge ("private bytes"): 59M, peak: 155M

vm_info: OpenJDK 64-Bit Server VM (11.0.8+10-b944.31) for windows-amd64 JRE (11.0.8+10-b944.31), built on Aug  6 2020 12:27:04 by "" with MS VC++ 14.0 (VS2015)

END.
